producer_class	xtools.gsea.GseaPreranked
producer_timestamp	1584469398976
param	rpt_label	A3_part1_non_thres
param	rnd_seed	timestamp
param	set_min	15
param	zip_report	false
param	create_svgs	false
param	scoring_scheme	weighted
param	rnk	/Users/helending/Documents/BCB420/expr_RNAseq_ranks.rnk
param	norm	meandiv
param	out	/Users/helending/Documents/BCB420
param	mode	Max_probe
param	include_only_symbols	true
param	help	false
param	set_max	200
param	gmx	/Users/helending/Documents/BCB420/Human_GOBP_AllPathways_no_GO_iea_March_01_2020_symbol.gmt
param	make_sets	true
param	plot_top_x	20
param	gui	false
param	nperm	1000
param	collapse	No_Collapse

file	/Users/helending/Documents/BCB420/A3_part1_non_thres.GseaPreranked.1584469398976/index.html
